\BOOKMARK [0][-]{chapter.1}{\376\377\0001\000\040\000N\000a\000m\000e\000s\000p\000a\000c\000e\000\040\000I\000n\000d\000e\000x}{}% 1
\BOOKMARK [1][-]{section.1.1}{\376\377\0001\000.\0001\000\040\000N\000a\000m\000e\000s\000p\000a\000c\000e\000\040\000L\000i\000s\000t}{chapter.1}% 2
\BOOKMARK [0][-]{chapter.2}{\376\377\0002\000\040\000H\000i\000e\000r\000a\000r\000c\000h\000i\000c\000a\000l\000\040\000I\000n\000d\000e\000x}{}% 3
\BOOKMARK [1][-]{section.2.1}{\376\377\0002\000.\0001\000\040\000C\000l\000a\000s\000s\000\040\000H\000i\000e\000r\000a\000r\000c\000h\000y}{chapter.2}% 4
\BOOKMARK [0][-]{chapter.3}{\376\377\0003\000\040\000C\000l\000a\000s\000s\000\040\000I\000n\000d\000e\000x}{}% 5
\BOOKMARK [1][-]{section.3.1}{\376\377\0003\000.\0001\000\040\000C\000l\000a\000s\000s\000\040\000L\000i\000s\000t}{chapter.3}% 6
\BOOKMARK [0][-]{chapter.4}{\376\377\0004\000\040\000F\000i\000l\000e\000\040\000I\000n\000d\000e\000x}{}% 7
\BOOKMARK [1][-]{section.4.1}{\376\377\0004\000.\0001\000\040\000F\000i\000l\000e\000\040\000L\000i\000s\000t}{chapter.4}% 8
\BOOKMARK [0][-]{chapter.5}{\376\377\0005\000\040\000N\000a\000m\000e\000s\000p\000a\000c\000e\000\040\000D\000o\000c\000u\000m\000e\000n\000t\000a\000t\000i\000o\000n}{}% 9
\BOOKMARK [1][-]{section.5.1}{\376\377\0005\000.\0001\000\040\000C\000o\000n\000s\000t\000s\000\040\000N\000a\000m\000e\000s\000p\000a\000c\000e\000\040\000R\000e\000f\000e\000r\000e\000n\000c\000e}{chapter.5}% 10
\BOOKMARK [2][-]{subsection.5.1.1}{\376\377\0005\000.\0001\000.\0001\000\040\000V\000a\000r\000i\000a\000b\000l\000e\000\040\000D\000o\000c\000u\000m\000e\000n\000t\000a\000t\000i\000o\000n}{section.5.1}% 11
\BOOKMARK [3][-]{subsubsection.5.1.1.1}{\376\377\0005\000.\0001\000.\0001\000.\0001\000\040\000b\000u\000t\000t\000o\000n\000s}{subsection.5.1.1}% 12
\BOOKMARK [3][-]{subsubsection.5.1.1.2}{\376\377\0005\000.\0001\000.\0001\000.\0002\000\040\000d\000i\000a\000l\000o\000g\000s}{subsection.5.1.1}% 13
\BOOKMARK [3][-]{subsubsection.5.1.1.3}{\376\377\0005\000.\0001\000.\0001\000.\0003\000\040\000e\000r\000r\000o\000r\000s}{subsection.5.1.1}% 14
\BOOKMARK [3][-]{subsubsection.5.1.1.4}{\376\377\0005\000.\0001\000.\0001\000.\0004\000\040\000f\000o\000r\000m\000a\000t\000t\000i\000n\000g}{subsection.5.1.1}% 15
\BOOKMARK [3][-]{subsubsection.5.1.1.5}{\376\377\0005\000.\0001\000.\0001\000.\0005\000\040\000h\000a\000s\000h\000D\000a\000t\000a}{subsection.5.1.1}% 16
\BOOKMARK [3][-]{subsubsection.5.1.1.6}{\376\377\0005\000.\0001\000.\0001\000.\0006\000\040\000n\000a\000v\000i\000g\000a\000t\000i\000o\000n}{subsection.5.1.1}% 17
\BOOKMARK [3][-]{subsubsection.5.1.1.7}{\376\377\0005\000.\0001\000.\0001\000.\0007\000\040\000t\000i\000m\000e\000r}{subsection.5.1.1}% 18
\BOOKMARK [3][-]{subsubsection.5.1.1.8}{\376\377\0005\000.\0001\000.\0001\000.\0008\000\040\000t\000o\000p\000i\000c\000s}{subsection.5.1.1}% 19
\BOOKMARK [1][-]{section.5.2}{\376\377\0005\000.\0002\000\040\000U\000i\000\040\000N\000a\000m\000e\000s\000p\000a\000c\000e\000\040\000R\000e\000f\000e\000r\000e\000n\000c\000e}{chapter.5}% 20
\BOOKMARK [0][-]{chapter.6}{\376\377\0006\000\040\000C\000l\000a\000s\000s\000\040\000D\000o\000c\000u\000m\000e\000n\000t\000a\000t\000i\000o\000n}{}% 21
\BOOKMARK [1][-]{section.6.1}{\376\377\0006\000.\0001\000\040\000A\000d\000m\000i\000n\000\040\000C\000l\000a\000s\000s\000\040\000R\000e\000f\000e\000r\000e\000n\000c\000e}{chapter.6}% 22
\BOOKMARK [2][-]{subsection.6.1.1}{\376\377\0006\000.\0001\000.\0001\000\040\000C\000o\000n\000s\000t\000r\000u\000c\000t\000o\000r\000\040\000\046\000\040\000D\000e\000s\000t\000r\000u\000c\000t\000o\000r\000\040\000D\000o\000c\000u\000m\000e\000n\000t\000a\000t\000i\000o\000n}{section.6.1}% 23
\BOOKMARK [3][-]{subsubsection.6.1.1.1}{\376\377\0006\000.\0001\000.\0001\000.\0001\000\040\000A\000d\000m\000i\000n\000\050\000\051}{subsection.6.1.1}% 24
\BOOKMARK [2][-]{subsection.6.1.2}{\376\377\0006\000.\0001\000.\0002\000\040\000M\000e\000m\000b\000e\000r\000\040\000D\000a\000t\000a\000\040\000D\000o\000c\000u\000m\000e\000n\000t\000a\000t\000i\000o\000n}{section.6.1}% 25
\BOOKMARK [3][-]{subsubsection.6.1.2.1}{\376\377\0006\000.\0001\000.\0002\000.\0001\000\040\000a\000d\000m\000i\000n}{subsection.6.1.2}% 26
\BOOKMARK [1][-]{section.6.2}{\376\377\0006\000.\0002\000\040\000C\000o\000n\000s\000t\000s\000:\000:\000b\000u\000t\000t\000o\000n\000s\000\040\000S\000t\000r\000u\000c\000t\000\040\000R\000e\000f\000e\000r\000e\000n\000c\000e}{chapter.6}% 27
\BOOKMARK [2][-]{subsection.6.2.1}{\376\377\0006\000.\0002\000.\0001\000\040\000M\000e\000m\000b\000e\000r\000\040\000D\000a\000t\000a\000\040\000D\000o\000c\000u\000m\000e\000n\000t\000a\000t\000i\000o\000n}{section.6.2}% 28
\BOOKMARK [3][-]{subsubsection.6.2.1.1}{\376\377\0006\000.\0002\000.\0001\000.\0001\000\040\000c\000o\000n\000n\000e\000c\000t}{subsection.6.2.1}% 29
\BOOKMARK [3][-]{subsubsection.6.2.1.2}{\376\377\0006\000.\0002\000.\0001\000.\0002\000\040\000d\000i\000s\000c\000o\000n\000n\000e\000c\000t}{subsection.6.2.1}% 30
\BOOKMARK [3][-]{subsubsection.6.2.1.3}{\376\377\0006\000.\0002\000.\0001\000.\0003\000\040\000r\000o\000o\000m\000n\000a\000m\000e}{subsection.6.2.1}% 31
\BOOKMARK [3][-]{subsubsection.6.2.1.4}{\376\377\0006\000.\0002\000.\0001\000.\0004\000\040\000u\000s\000e\000r\000n\000a\000m\000e}{subsection.6.2.1}% 32
\BOOKMARK [1][-]{section.6.3}{\376\377\0006\000.\0003\000\040\000C\000h\000a\000n\000n\000e\000l\000\040\000C\000l\000a\000s\000s\000\040\000R\000e\000f\000e\000r\000e\000n\000c\000e}{chapter.6}% 33
\BOOKMARK [2][-]{subsection.6.3.1}{\376\377\0006\000.\0003\000.\0001\000\040\000C\000o\000n\000s\000t\000r\000u\000c\000t\000o\000r\000\040\000\046\000\040\000D\000e\000s\000t\000r\000u\000c\000t\000o\000r\000\040\000D\000o\000c\000u\000m\000e\000n\000t\000a\000t\000i\000o\000n}{section.6.3}% 34
\BOOKMARK [3][-]{subsubsection.6.3.1.1}{\376\377\0006\000.\0003\000.\0001\000.\0001\000\040\000C\000h\000a\000n\000n\000e\000l\000\050\000\051}{subsection.6.3.1}% 35
\BOOKMARK [2][-]{subsection.6.3.2}{\376\377\0006\000.\0003\000.\0002\000\040\000M\000e\000m\000b\000e\000r\000\040\000F\000u\000n\000c\000t\000i\000o\000n\000\040\000D\000o\000c\000u\000m\000e\000n\000t\000a\000t\000i\000o\000n}{section.6.3}% 36
\BOOKMARK [3][-]{subsubsection.6.3.2.1}{\376\377\0006\000.\0003\000.\0002\000.\0001\000\040\000a\000d\000d\000M\000e\000s\000s\000a\000g\000e\000\050\000\051}{subsection.6.3.2}% 37
\BOOKMARK [3][-]{subsubsection.6.3.2.2}{\376\377\0006\000.\0003\000.\0002\000.\0002\000\040\000d\000e\000l\000e\000t\000e\000M\000e\000s\000s\000a\000g\000e\000\050\000\051}{subsection.6.3.2}% 38
\BOOKMARK [3][-]{subsubsection.6.3.2.3}{\376\377\0006\000.\0003\000.\0002\000.\0003\000\040\000g\000e\000t\000N\000a\000m\000e\000\050\000\051}{subsection.6.3.2}% 39
\BOOKMARK [3][-]{subsubsection.6.3.2.4}{\376\377\0006\000.\0003\000.\0002\000.\0004\000\040\000s\000e\000t\000N\000a\000m\000e\000\050\000\051}{subsection.6.3.2}% 40
\BOOKMARK [2][-]{subsection.6.3.3}{\376\377\0006\000.\0003\000.\0003\000\040\000M\000e\000m\000b\000e\000r\000\040\000D\000a\000t\000a\000\040\000D\000o\000c\000u\000m\000e\000n\000t\000a\000t\000i\000o\000n}{section.6.3}% 41
\BOOKMARK [3][-]{subsubsection.6.3.3.1}{\376\377\0006\000.\0003\000.\0003\000.\0001\000\040\000m\000e\000s\000s\000a\000g\000e\000s}{subsection.6.3.3}% 42
\BOOKMARK [3][-]{subsubsection.6.3.3.2}{\376\377\0006\000.\0003\000.\0003\000.\0002\000\040\000n\000a\000m\000e}{subsection.6.3.3}% 43
\BOOKMARK [1][-]{section.6.4}{\376\377\0006\000.\0004\000\040\000C\000o\000n\000s\000t\000s\000:\000:\000d\000i\000a\000l\000o\000g\000s\000\040\000S\000t\000r\000u\000c\000t\000\040\000R\000e\000f\000e\000r\000e\000n\000c\000e}{chapter.6}% 44
\BOOKMARK [2][-]{subsection.6.4.1}{\376\377\0006\000.\0004\000.\0001\000\040\000M\000e\000m\000b\000e\000r\000\040\000D\000a\000t\000a\000\040\000D\000o\000c\000u\000m\000e\000n\000t\000a\000t\000i\000o\000n}{section.6.4}% 45
\BOOKMARK [3][-]{subsubsection.6.4.1.1}{\376\377\0006\000.\0004\000.\0001\000.\0001\000\040\000c\000h\000a\000n\000n\000e\000l\000N\000a\000m\000e}{subsection.6.4.1}% 46
\BOOKMARK [3][-]{subsubsection.6.4.1.2}{\376\377\0006\000.\0004\000.\0001\000.\0002\000\040\000e\000n\000t\000e\000r\000C\000h\000a\000n\000n\000e\000l\000N\000a\000m\000e}{subsection.6.4.1}% 47
\BOOKMARK [3][-]{subsubsection.6.4.1.3}{\376\377\0006\000.\0004\000.\0001\000.\0003\000\040\000e\000n\000t\000e\000r\000r\000o\000o\000m\000n\000a\000m\000e}{subsection.6.4.1}% 48
\BOOKMARK [3][-]{subsubsection.6.4.1.4}{\376\377\0006\000.\0004\000.\0001\000.\0004\000\040\000e\000n\000t\000e\000r\000U\000s\000e\000r\000n\000a\000m\000e}{subsection.6.4.1}% 49
\BOOKMARK [3][-]{subsubsection.6.4.1.5}{\376\377\0006\000.\0004\000.\0001\000.\0005\000\040\000n\000o\000C\000h\000a\000n\000n\000e\000l}{subsection.6.4.1}% 50
\BOOKMARK [3][-]{subsubsection.6.4.1.6}{\376\377\0006\000.\0004\000.\0001\000.\0006\000\040\000n\000o\000G\000r\000o\000u\000p}{subsection.6.4.1}% 51
\BOOKMARK [1][-]{section.6.5}{\376\377\0006\000.\0005\000\040\000C\000o\000n\000s\000t\000s\000:\000:\000e\000r\000r\000o\000r\000s\000\040\000S\000t\000r\000u\000c\000t\000\040\000R\000e\000f\000e\000r\000e\000n\000c\000e}{chapter.6}% 52
\BOOKMARK [2][-]{subsection.6.5.1}{\376\377\0006\000.\0005\000.\0001\000\040\000M\000e\000m\000b\000e\000r\000\040\000D\000a\000t\000a\000\040\000D\000o\000c\000u\000m\000e\000n\000t\000a\000t\000i\000o\000n}{section.6.5}% 53
\BOOKMARK [3][-]{subsubsection.6.5.1.1}{\376\377\0006\000.\0005\000.\0001\000.\0001\000\040\000a\000l\000r\000e\000a\000d\000y\000M\000o\000d}{subsection.6.5.1}% 54
\BOOKMARK [3][-]{subsubsection.6.5.1.2}{\376\377\0006\000.\0005\000.\0001\000.\0002\000\040\000e\000m\000p\000t\000y\000F\000i\000e\000l\000d\000s}{subsection.6.5.1}% 55
\BOOKMARK [3][-]{subsubsection.6.5.1.3}{\376\377\0006\000.\0005\000.\0001\000.\0003\000\040\000e\000m\000p\000t\000y\000U\000s\000e\000r}{subsection.6.5.1}% 56
\BOOKMARK [3][-]{subsubsection.6.5.1.4}{\376\377\0006\000.\0005\000.\0001\000.\0004\000\040\000e\000r\000r\000o\000r}{subsection.6.5.1}% 57
\BOOKMARK [3][-]{subsubsection.6.5.1.5}{\376\377\0006\000.\0005\000.\0001\000.\0005\000\040\000i\000n\000v\000a\000l\000i\000d\000C\000r\000e\000d\000s}{subsection.6.5.1}% 58
\BOOKMARK [3][-]{subsubsection.6.5.1.6}{\376\377\0006\000.\0005\000.\0001\000.\0006\000\040\000m\000i\000s\000s\000i\000n\000g\000F\000i\000l\000e}{subsection.6.5.1}% 59
\BOOKMARK [3][-]{subsubsection.6.5.1.7}{\376\377\0006\000.\0005\000.\0001\000.\0007\000\040\000n\000o\000C\000h\000a\000n\000n\000e\000l\000S\000e\000l\000e\000c\000t\000e\000d}{subsection.6.5.1}% 60
\BOOKMARK [3][-]{subsubsection.6.5.1.8}{\376\377\0006\000.\0005\000.\0001\000.\0008\000\040\000n\000o\000R\000o\000o\000m\000S\000e\000l\000e\000c\000t\000e\000d}{subsection.6.5.1}% 61
\BOOKMARK [3][-]{subsubsection.6.5.1.9}{\376\377\0006\000.\0005\000.\0001\000.\0009\000\040\000s\000e\000n\000d\000M\000e\000s\000s\000a\000g\000e}{subsection.6.5.1}% 62
\BOOKMARK [3][-]{subsubsection.6.5.1.10}{\376\377\0006\000.\0005\000.\0001\000.\0001\0000\000\040\000s\000o\000m\000e\000t\000h\000i\000n\000g\000W\000r\000o\000n\000g}{subsection.6.5.1}% 63
\BOOKMARK [3][-]{subsubsection.6.5.1.11}{\376\377\0006\000.\0005\000.\0001\000.\0001\0001\000\040\000s\000u\000b\000s\000c\000r\000i\000p\000t\000i\000o\000n}{subsection.6.5.1}% 64
\BOOKMARK [3][-]{subsubsection.6.5.1.12}{\376\377\0006\000.\0005\000.\0001\000.\0001\0002\000\040\000u\000s\000e\000r\000N\000o\000t\000F\000o\000u\000n\000d}{subsection.6.5.1}% 65
\BOOKMARK [3][-]{subsubsection.6.5.1.13}{\376\377\0006\000.\0005\000.\0001\000.\0001\0003\000\040\000u\000s\000e\000r\000N\000o\000t\000M\000o\000d}{subsection.6.5.1}% 66
\BOOKMARK [3][-]{subsubsection.6.5.1.14}{\376\377\0006\000.\0005\000.\0001\000.\0001\0004\000\040\000u\000s\000e\000r\000S\000u\000b\000s\000c\000r\000i\000b\000e\000d}{subsection.6.5.1}% 67
\BOOKMARK [1][-]{section.6.6}{\376\377\0006\000.\0006\000\040\000C\000o\000n\000s\000t\000s\000:\000:\000f\000o\000r\000m\000a\000t\000t\000i\000n\000g\000\040\000S\000t\000r\000u\000c\000t\000\040\000R\000e\000f\000e\000r\000e\000n\000c\000e}{chapter.6}% 68
\BOOKMARK [2][-]{subsection.6.6.1}{\376\377\0006\000.\0006\000.\0001\000\040\000M\000e\000m\000b\000e\000r\000\040\000D\000a\000t\000a\000\040\000D\000o\000c\000u\000m\000e\000n\000t\000a\000t\000i\000o\000n}{section.6.6}% 69
\BOOKMARK [3][-]{subsubsection.6.6.1.1}{\376\377\0006\000.\0006\000.\0001\000.\0001\000\040\000d\000e\000l\000i\000m\000i\000t\000e\000r\000C\000h\000a\000r}{subsection.6.6.1}% 70
\BOOKMARK [3][-]{subsubsection.6.6.1.2}{\376\377\0006\000.\0006\000.\0001\000.\0002\000\040\000d\000e\000l\000i\000m\000i\000t\000e\000r\000S\000t\000r}{subsection.6.6.1}% 71
\BOOKMARK [1][-]{section.6.7}{\376\377\0006\000.\0007\000\040\000C\000o\000n\000s\000t\000s\000:\000:\000h\000a\000s\000h\000D\000a\000t\000a\000\040\000S\000t\000r\000u\000c\000t\000\040\000R\000e\000f\000e\000r\000e\000n\000c\000e}{chapter.6}% 72
\BOOKMARK [2][-]{subsection.6.7.1}{\376\377\0006\000.\0007\000.\0001\000\040\000M\000e\000m\000b\000e\000r\000\040\000D\000a\000t\000a\000\040\000D\000o\000c\000u\000m\000e\000n\000t\000a\000t\000i\000o\000n}{section.6.7}% 73
\BOOKMARK [3][-]{subsubsection.6.7.1.1}{\376\377\0006\000.\0007\000.\0001\000.\0001\000\040\000p\000e\000p\000p\000e\000r}{subsection.6.7.1}% 74
\BOOKMARK [1][-]{section.6.8}{\376\377\0006\000.\0008\000\040\000I\000m\000a\000g\000e\000\040\000C\000l\000a\000s\000s\000\040\000R\000e\000f\000e\000r\000e\000n\000c\000e}{chapter.6}% 75
\BOOKMARK [2][-]{subsection.6.8.1}{\376\377\0006\000.\0008\000.\0001\000\040\000C\000o\000n\000s\000t\000r\000u\000c\000t\000o\000r\000\040\000\046\000\040\000D\000e\000s\000t\000r\000u\000c\000t\000o\000r\000\040\000D\000o\000c\000u\000m\000e\000n\000t\000a\000t\000i\000o\000n}{section.6.8}% 76
\BOOKMARK [3][-]{subsubsection.6.8.1.1}{\376\377\0006\000.\0008\000.\0001\000.\0001\000\040\000I\000m\000a\000g\000e\000\050\000\051}{subsection.6.8.1}% 77
\BOOKMARK [2][-]{subsection.6.8.2}{\376\377\0006\000.\0008\000.\0002\000\040\000M\000e\000m\000b\000e\000r\000\040\000F\000u\000n\000c\000t\000i\000o\000n\000\040\000D\000o\000c\000u\000m\000e\000n\000t\000a\000t\000i\000o\000n}{section.6.8}% 78
\BOOKMARK [3][-]{subsubsection.6.8.2.1}{\376\377\0006\000.\0008\000.\0002\000.\0001\000\040\000g\000e\000t\000I\000m\000a\000g\000e\000\050\000\051}{subsection.6.8.2}% 79
\BOOKMARK [3][-]{subsubsection.6.8.2.2}{\376\377\0006\000.\0008\000.\0002\000.\0002\000\040\000v\000i\000e\000w\000\050\000\051}{subsection.6.8.2}% 80
\BOOKMARK [1][-]{section.6.9}{\376\377\0006\000.\0009\000\040\000M\000a\000i\000n\000W\000i\000n\000d\000o\000w\000\040\000C\000l\000a\000s\000s\000\040\000R\000e\000f\000e\000r\000e\000n\000c\000e}{chapter.6}% 81
\BOOKMARK [2][-]{subsection.6.9.1}{\376\377\0006\000.\0009\000.\0001\000\040\000C\000o\000n\000s\000t\000r\000u\000c\000t\000o\000r\000\040\000\046\000\040\000D\000e\000s\000t\000r\000u\000c\000t\000o\000r\000\040\000D\000o\000c\000u\000m\000e\000n\000t\000a\000t\000i\000o\000n}{section.6.9}% 82
\BOOKMARK [3][-]{subsubsection.6.9.1.1}{\376\377\0006\000.\0009\000.\0001\000.\0001\000\040\000M\000a\000i\000n\000W\000i\000n\000d\000o\000w\000\050\000\051}{subsection.6.9.1}% 83
\BOOKMARK [3][-]{subsubsection.6.9.1.2}{\376\377\0006\000.\0009\000.\0001\000.\0002\000\040\000\040\000M\000a\000i\000n\000W\000i\000n\000d\000o\000w\000\050\000\051}{subsection.6.9.1}% 84
\BOOKMARK [2][-]{subsection.6.9.2}{\376\377\0006\000.\0009\000.\0002\000\040\000M\000e\000m\000b\000e\000r\000\040\000D\000a\000t\000a\000\040\000D\000o\000c\000u\000m\000e\000n\000t\000a\000t\000i\000o\000n}{section.6.9}% 85
\BOOKMARK [3][-]{subsubsection.6.9.2.1}{\376\377\0006\000.\0009\000.\0002\000.\0001\000\040\000a\000d\000m\000i\000n\000F\000i\000l\000e\000p\000a\000t\000h}{subsection.6.9.2}% 86
\BOOKMARK [3][-]{subsubsection.6.9.2.2}{\376\377\0006\000.\0009\000.\0002\000.\0002\000\040\000c\000r\000e\000d\000F\000i\000l\000e\000p\000a\000t\000h}{subsection.6.9.2}% 87
\BOOKMARK [3][-]{subsubsection.6.9.2.3}{\376\377\0006\000.\0009\000.\0002\000.\0003\000\040\000c\000u\000r\000r\000e\000n\000t\000U\000s\000e\000r}{subsection.6.9.2}% 88
\BOOKMARK [3][-]{subsubsection.6.9.2.4}{\376\377\0006\000.\0009\000.\0002\000.\0004\000\040\000r\000o\000o\000m\000F\000i\000l\000e\000p\000a\000t\000h}{subsection.6.9.2}% 89
\BOOKMARK [3][-]{subsubsection.6.9.2.5}{\376\377\0006\000.\0009\000.\0002\000.\0005\000\040\000r\000o\000o\000m\000s}{subsection.6.9.2}% 90
\BOOKMARK [3][-]{subsubsection.6.9.2.6}{\376\377\0006\000.\0009\000.\0002\000.\0006\000\040\000u\000s\000e\000r\000F\000i\000l\000e\000p\000a\000t\000h}{subsection.6.9.2}% 91
\BOOKMARK [3][-]{subsubsection.6.9.2.7}{\376\377\0006\000.\0009\000.\0002\000.\0007\000\040\000u\000s\000e\000r\000s}{subsection.6.9.2}% 92
\BOOKMARK [1][-]{section.6.10}{\376\377\0006\000.\0001\0000\000\040\000M\000e\000d\000i\000a\000\040\000C\000l\000a\000s\000s\000\040\000R\000e\000f\000e\000r\000e\000n\000c\000e}{chapter.6}% 93
\BOOKMARK [2][-]{subsection.6.10.1}{\376\377\0006\000.\0001\0000\000.\0001\000\040\000C\000o\000n\000s\000t\000r\000u\000c\000t\000o\000r\000\040\000\046\000\040\000D\000e\000s\000t\000r\000u\000c\000t\000o\000r\000\040\000D\000o\000c\000u\000m\000e\000n\000t\000a\000t\000i\000o\000n}{section.6.10}% 94
\BOOKMARK [3][-]{subsubsection.6.10.1.1}{\376\377\0006\000.\0001\0000\000.\0001\000.\0001\000\040\000M\000e\000d\000i\000a\000\050\000\051}{subsection.6.10.1}% 95
\BOOKMARK [2][-]{subsection.6.10.2}{\376\377\0006\000.\0001\0000\000.\0002\000\040\000M\000e\000m\000b\000e\000r\000\040\000F\000u\000n\000c\000t\000i\000o\000n\000\040\000D\000o\000c\000u\000m\000e\000n\000t\000a\000t\000i\000o\000n}{section.6.10}% 96
\BOOKMARK [3][-]{subsubsection.6.10.2.1}{\376\377\0006\000.\0001\0000\000.\0002\000.\0001\000\040\000D\000o\000w\000n\000l\000o\000a\000d\000\050\000\051}{subsection.6.10.2}% 97
\BOOKMARK [1][-]{section.6.11}{\376\377\0006\000.\0001\0001\000\040\000M\000e\000s\000s\000a\000g\000e\000\040\000C\000l\000a\000s\000s\000\040\000R\000e\000f\000e\000r\000e\000n\000c\000e}{chapter.6}% 98
\BOOKMARK [2][-]{subsection.6.11.1}{\376\377\0006\000.\0001\0001\000.\0001\000\040\000C\000o\000n\000s\000t\000r\000u\000c\000t\000o\000r\000\040\000\046\000\040\000D\000e\000s\000t\000r\000u\000c\000t\000o\000r\000\040\000D\000o\000c\000u\000m\000e\000n\000t\000a\000t\000i\000o\000n}{section.6.11}% 99
\BOOKMARK [3][-]{subsubsection.6.11.1.1}{\376\377\0006\000.\0001\0001\000.\0001\000.\0001\000\040\000M\000e\000s\000s\000a\000g\000e\000\050\000\051}{subsection.6.11.1}% 100
\BOOKMARK [2][-]{subsection.6.11.2}{\376\377\0006\000.\0001\0001\000.\0002\000\040\000M\000e\000m\000b\000e\000r\000\040\000F\000u\000n\000c\000t\000i\000o\000n\000\040\000D\000o\000c\000u\000m\000e\000n\000t\000a\000t\000i\000o\000n}{section.6.11}% 101
\BOOKMARK [3][-]{subsubsection.6.11.2.1}{\376\377\0006\000.\0001\0001\000.\0002\000.\0001\000\040\000g\000e\000t\000F\000o\000r\000m\000a\000t\000t\000e\000d\000M\000e\000s\000s\000a\000g\000e\000\050\000\051}{subsection.6.11.2}% 102
\BOOKMARK [3][-]{subsubsection.6.11.2.2}{\376\377\0006\000.\0001\0001\000.\0002\000.\0002\000\040\000g\000e\000t\000M\000e\000s\000s\000a\000g\000e\000C\000o\000n\000t\000e\000n\000t\000\050\000\051}{subsection.6.11.2}% 103
\BOOKMARK [3][-]{subsubsection.6.11.2.3}{\376\377\0006\000.\0001\0001\000.\0002\000.\0003\000\040\000s\000e\000t\000M\000e\000s\000s\000a\000g\000e\000C\000o\000n\000t\000e\000n\000t\000\050\000\051}{subsection.6.11.2}% 104
\BOOKMARK [2][-]{subsection.6.11.3}{\376\377\0006\000.\0001\0001\000.\0003\000\040\000M\000e\000m\000b\000e\000r\000\040\000D\000a\000t\000a\000\040\000D\000o\000c\000u\000m\000e\000n\000t\000a\000t\000i\000o\000n}{section.6.11}% 105
\BOOKMARK [3][-]{subsubsection.6.11.3.1}{\376\377\0006\000.\0001\0001\000.\0003\000.\0001\000\040\000m\000e\000s\000s\000a\000g\000e\000C\000o\000n\000t\000e\000n\000t}{subsection.6.11.3}% 106
\BOOKMARK [3][-]{subsubsection.6.11.3.2}{\376\377\0006\000.\0001\0001\000.\0003\000.\0002\000\040\000u\000s\000e\000r\000n\000a\000m\000e}{subsection.6.11.3}% 107
\BOOKMARK [1][-]{section.6.12}{\376\377\0006\000.\0001\0002\000\040\000M\000o\000d\000e\000r\000a\000t\000o\000r\000\040\000C\000l\000a\000s\000s\000\040\000R\000e\000f\000e\000r\000e\000n\000c\000e}{chapter.6}% 108
\BOOKMARK [2][-]{subsection.6.12.1}{\376\377\0006\000.\0001\0002\000.\0001\000\040\000C\000o\000n\000s\000t\000r\000u\000c\000t\000o\000r\000\040\000\046\000\040\000D\000e\000s\000t\000r\000u\000c\000t\000o\000r\000\040\000D\000o\000c\000u\000m\000e\000n\000t\000a\000t\000i\000o\000n}{section.6.12}% 109
\BOOKMARK [3][-]{subsubsection.6.12.1.1}{\376\377\0006\000.\0001\0002\000.\0001\000.\0001\000\040\000M\000o\000d\000e\000r\000a\000t\000o\000r\000\050\000\051}{subsection.6.12.1}% 110
\BOOKMARK [2][-]{subsection.6.12.2}{\376\377\0006\000.\0001\0002\000.\0002\000\040\000M\000e\000m\000b\000e\000r\000\040\000F\000u\000n\000c\000t\000i\000o\000n\000\040\000D\000o\000c\000u\000m\000e\000n\000t\000a\000t\000i\000o\000n}{section.6.12}% 111
\BOOKMARK [3][-]{subsubsection.6.12.2.1}{\376\377\0006\000.\0001\0002\000.\0002\000.\0001\000\040\000a\000d\000d\000U\000s\000e\000r\000\050\000\051}{subsection.6.12.2}% 112
\BOOKMARK [3][-]{subsubsection.6.12.2.2}{\376\377\0006\000.\0001\0002\000.\0002\000.\0002\000\040\000g\000e\000t\000U\000s\000e\000r\000\050\000\051}{subsection.6.12.2}% 113
\BOOKMARK [3][-]{subsubsection.6.12.2.3}{\376\377\0006\000.\0001\0002\000.\0002\000.\0003\000\040\000r\000e\000m\000o\000v\000e\000U\000s\000e\000r\000\050\000\051}{subsection.6.12.2}% 114
\BOOKMARK [2][-]{subsection.6.12.3}{\376\377\0006\000.\0001\0002\000.\0003\000\040\000M\000e\000m\000b\000e\000r\000\040\000D\000a\000t\000a\000\040\000D\000o\000c\000u\000m\000e\000n\000t\000a\000t\000i\000o\000n}{section.6.12}% 115
\BOOKMARK [3][-]{subsubsection.6.12.3.1}{\376\377\0006\000.\0001\0002\000.\0003\000.\0001\000\040\000m\000o\000d\000e\000r\000a\000t\000o\000r}{subsection.6.12.3}% 116
\BOOKMARK [1][-]{section.6.13}{\376\377\0006\000.\0001\0003\000\040\000C\000o\000n\000s\000t\000s\000:\000:\000n\000a\000v\000i\000g\000a\000t\000i\000o\000n\000\040\000S\000t\000r\000u\000c\000t\000\040\000R\000e\000f\000e\000r\000e\000n\000c\000e}{chapter.6}% 117
\BOOKMARK [2][-]{subsection.6.13.1}{\376\377\0006\000.\0001\0003\000.\0001\000\040\000M\000e\000m\000b\000e\000r\000\040\000D\000a\000t\000a\000\040\000D\000o\000c\000u\000m\000e\000n\000t\000a\000t\000i\000o\000n}{section.6.13}% 118
\BOOKMARK [3][-]{subsubsection.6.13.1.1}{\376\377\0006\000.\0001\0003\000.\0001\000.\0001\000\040\000l\000o\000g\000i\000n\000P\000a\000g\000e}{subsection.6.13.1}% 119
\BOOKMARK [3][-]{subsubsection.6.13.1.2}{\376\377\0006\000.\0001\0003\000.\0001\000.\0002\000\040\000m\000a\000i\000n\000P\000a\000g\000e}{subsection.6.13.1}% 120
\BOOKMARK [3][-]{subsubsection.6.13.1.3}{\376\377\0006\000.\0001\0003\000.\0001\000.\0003\000\040\000s\000e\000t\000t\000i\000n\000g\000s\000P\000a\000g\000e}{subsection.6.13.1}% 121
\BOOKMARK [3][-]{subsubsection.6.13.1.4}{\376\377\0006\000.\0001\0003\000.\0001\000.\0004\000\040\000s\000i\000g\000n\000u\000p\000P\000a\000g\000e}{subsection.6.13.1}% 122
\BOOKMARK [1][-]{section.6.14}{\376\377\0006\000.\0001\0004\000\040\000R\000o\000o\000m\000\040\000C\000l\000a\000s\000s\000\040\000R\000e\000f\000e\000r\000e\000n\000c\000e}{chapter.6}% 123
\BOOKMARK [2][-]{subsection.6.14.1}{\376\377\0006\000.\0001\0004\000.\0001\000\040\000C\000o\000n\000s\000t\000r\000u\000c\000t\000o\000r\000\040\000\046\000\040\000D\000e\000s\000t\000r\000u\000c\000t\000o\000r\000\040\000D\000o\000c\000u\000m\000e\000n\000t\000a\000t\000i\000o\000n}{section.6.14}% 124
\BOOKMARK [3][-]{subsubsection.6.14.1.1}{\376\377\0006\000.\0001\0004\000.\0001\000.\0001\000\040\000R\000o\000o\000m\000\050\000\051}{subsection.6.14.1}% 125
\BOOKMARK [2][-]{subsection.6.14.2}{\376\377\0006\000.\0001\0004\000.\0002\000\040\000M\000e\000m\000b\000e\000r\000\040\000F\000u\000n\000c\000t\000i\000o\000n\000\040\000D\000o\000c\000u\000m\000e\000n\000t\000a\000t\000i\000o\000n}{section.6.14}% 126
\BOOKMARK [3][-]{subsubsection.6.14.2.1}{\376\377\0006\000.\0001\0004\000.\0002\000.\0001\000\040\000a\000d\000d\000C\000h\000a\000n\000n\000e\000l\000\050\000\051}{subsection.6.14.2}% 127
\BOOKMARK [3][-]{subsubsection.6.14.2.2}{\376\377\0006\000.\0001\0004\000.\0002\000.\0002\000\040\000a\000d\000d\000M\000e\000m\000b\000e\000r\000s\000\050\000\051}{subsection.6.14.2}% 128
\BOOKMARK [3][-]{subsubsection.6.14.2.3}{\376\377\0006\000.\0001\0004\000.\0002\000.\0003\000\040\000a\000d\000d\000M\000o\000d\000\050\000\051}{subsection.6.14.2}% 129
\BOOKMARK [3][-]{subsubsection.6.14.2.4}{\376\377\0006\000.\0001\0004\000.\0002\000.\0004\000\040\000g\000e\000t\000C\000h\000a\000n\000n\000e\000l\000L\000i\000s\000t\000\050\000\051}{subsection.6.14.2}% 130
\BOOKMARK [3][-]{subsubsection.6.14.2.5}{\376\377\0006\000.\0001\0004\000.\0002\000.\0005\000\040\000g\000e\000t\000M\000e\000m\000b\000e\000r\000s\000\050\000\051}{subsection.6.14.2}% 131
\BOOKMARK [3][-]{subsubsection.6.14.2.6}{\376\377\0006\000.\0001\0004\000.\0002\000.\0006\000\040\000g\000e\000t\000N\000a\000m\000e\000\050\000\051}{subsection.6.14.2}% 132
\BOOKMARK [3][-]{subsubsection.6.14.2.7}{\376\377\0006\000.\0001\0004\000.\0002\000.\0007\000\040\000g\000e\000t\000R\000o\000o\000m\000I\000D\000\050\000\051}{subsection.6.14.2}% 133
\BOOKMARK [3][-]{subsubsection.6.14.2.8}{\376\377\0006\000.\0001\0004\000.\0002\000.\0008\000\040\000r\000e\000m\000o\000v\000e\000M\000e\000m\000b\000e\000r\000\050\000\051}{subsection.6.14.2}% 134
\BOOKMARK [3][-]{subsubsection.6.14.2.9}{\376\377\0006\000.\0001\0004\000.\0002\000.\0009\000\040\000r\000e\000m\000o\000v\000e\000M\000o\000d\000\050\000\051}{subsection.6.14.2}% 135
\BOOKMARK [3][-]{subsubsection.6.14.2.10}{\376\377\0006\000.\0001\0004\000.\0002\000.\0001\0000\000\040\000s\000e\000t\000N\000a\000m\000e\000\050\000\051}{subsection.6.14.2}% 136
\BOOKMARK [3][-]{subsubsection.6.14.2.11}{\376\377\0006\000.\0001\0004\000.\0002\000.\0001\0001\000\040\000s\000e\000t\000R\000o\000o\000m\000I\000D\000\050\000\051}{subsection.6.14.2}% 137
\BOOKMARK [2][-]{subsection.6.14.3}{\376\377\0006\000.\0001\0004\000.\0003\000\040\000M\000e\000m\000b\000e\000r\000\040\000D\000a\000t\000a\000\040\000D\000o\000c\000u\000m\000e\000n\000t\000a\000t\000i\000o\000n}{section.6.14}% 138
\BOOKMARK [3][-]{subsubsection.6.14.3.1}{\376\377\0006\000.\0001\0004\000.\0003\000.\0001\000\040\000a\000d\000m\000i\000n}{subsection.6.14.3}% 139
\BOOKMARK [3][-]{subsubsection.6.14.3.2}{\376\377\0006\000.\0001\0004\000.\0003\000.\0002\000\040\000c\000h\000a\000n\000n\000e\000l\000s}{subsection.6.14.3}% 140
\BOOKMARK [3][-]{subsubsection.6.14.3.3}{\376\377\0006\000.\0001\0004\000.\0003\000.\0003\000\040\000m\000e\000m\000b\000e\000r\000s}{subsection.6.14.3}% 141
\BOOKMARK [3][-]{subsubsection.6.14.3.4}{\376\377\0006\000.\0001\0004\000.\0003\000.\0004\000\040\000m\000o\000d\000e\000r\000a\000t\000o\000r\000s}{subsection.6.14.3}% 142
\BOOKMARK [3][-]{subsubsection.6.14.3.5}{\376\377\0006\000.\0001\0004\000.\0003\000.\0005\000\040\000n\000a\000m\000e}{subsection.6.14.3}% 143
\BOOKMARK [3][-]{subsubsection.6.14.3.6}{\376\377\0006\000.\0001\0004\000.\0003\000.\0006\000\040\000r\000o\000o\000m\000I\000D}{subsection.6.14.3}% 144
\BOOKMARK [1][-]{section.6.15}{\376\377\0006\000.\0001\0005\000\040\000C\000o\000n\000s\000t\000s\000:\000:\000t\000i\000m\000e\000r\000\040\000S\000t\000r\000u\000c\000t\000\040\000R\000e\000f\000e\000r\000e\000n\000c\000e}{chapter.6}% 145
\BOOKMARK [2][-]{subsection.6.15.1}{\376\377\0006\000.\0001\0005\000.\0001\000\040\000M\000e\000m\000b\000e\000r\000\040\000D\000a\000t\000a\000\040\000D\000o\000c\000u\000m\000e\000n\000t\000a\000t\000i\000o\000n}{section.6.15}% 146
\BOOKMARK [3][-]{subsubsection.6.15.1.1}{\376\377\0006\000.\0001\0005\000.\0001\000.\0001\000\040\000t\000i\000m\000e\000r\000D\000u\000r\000a\000t\000i\000o\000n}{subsection.6.15.1}% 147
\BOOKMARK [1][-]{section.6.16}{\376\377\0006\000.\0001\0006\000\040\000C\000o\000n\000s\000t\000s\000:\000:\000t\000o\000p\000i\000c\000s\000\040\000S\000t\000r\000u\000c\000t\000\040\000R\000e\000f\000e\000r\000e\000n\000c\000e}{chapter.6}% 148
\BOOKMARK [2][-]{subsection.6.16.1}{\376\377\0006\000.\0001\0006\000.\0001\000\040\000M\000e\000m\000b\000e\000r\000\040\000D\000a\000t\000a\000\040\000D\000o\000c\000u\000m\000e\000n\000t\000a\000t\000i\000o\000n}{section.6.16}% 149
\BOOKMARK [3][-]{subsubsection.6.16.1.1}{\376\377\0006\000.\0001\0006\000.\0001\000.\0001\000\040\000s\000t\000a\000t\000u\000s}{subsection.6.16.1}% 150
\BOOKMARK [3][-]{subsubsection.6.16.1.2}{\376\377\0006\000.\0001\0006\000.\0001\000.\0002\000\040\000s\000t\000a\000t\000u\000s\000F\000i\000l\000t\000e\000r}{subsection.6.16.1}% 151
\BOOKMARK [1][-]{section.6.17}{\376\377\0006\000.\0001\0007\000\040\000u\000n\000i\000t\000T\000e\000s\000t\000s\000\040\000C\000l\000a\000s\000s\000\040\000R\000e\000f\000e\000r\000e\000n\000c\000e}{chapter.6}% 152
\BOOKMARK [2][-]{subsection.6.17.1}{\376\377\0006\000.\0001\0007\000.\0001\000\040\000M\000e\000m\000b\000e\000r\000\040\000F\000u\000n\000c\000t\000i\000o\000n\000\040\000D\000o\000c\000u\000m\000e\000n\000t\000a\000t\000i\000o\000n}{section.6.17}% 153
\BOOKMARK [3][-]{subsubsection.6.17.1.1}{\376\377\0006\000.\0001\0007\000.\0001\000.\0001\000\040\000t\000e\000s\000t\000A\000p\000p\000\050\000\051}{subsection.6.17.1}% 154
\BOOKMARK [1][-]{section.6.18}{\376\377\0006\000.\0001\0008\000\040\000U\000s\000e\000r\000\040\000C\000l\000a\000s\000s\000\040\000R\000e\000f\000e\000r\000e\000n\000c\000e}{chapter.6}% 155
\BOOKMARK [2][-]{subsection.6.18.1}{\376\377\0006\000.\0001\0008\000.\0001\000\040\000C\000o\000n\000s\000t\000r\000u\000c\000t\000o\000r\000\040\000\046\000\040\000D\000e\000s\000t\000r\000u\000c\000t\000o\000r\000\040\000D\000o\000c\000u\000m\000e\000n\000t\000a\000t\000i\000o\000n}{section.6.18}% 156
\BOOKMARK [3][-]{subsubsection.6.18.1.1}{\376\377\0006\000.\0001\0008\000.\0001\000.\0001\000\040\000U\000s\000e\000r\000\050\000\051}{subsection.6.18.1}% 157
\BOOKMARK [2][-]{subsection.6.18.2}{\376\377\0006\000.\0001\0008\000.\0002\000\040\000M\000e\000m\000b\000e\000r\000\040\000F\000u\000n\000c\000t\000i\000o\000n\000\040\000D\000o\000c\000u\000m\000e\000n\000t\000a\000t\000i\000o\000n}{section.6.18}% 158
\BOOKMARK [3][-]{subsubsection.6.18.2.1}{\376\377\0006\000.\0001\0008\000.\0002\000.\0001\000\040\000g\000e\000t\000N\000a\000m\000e\000\050\000\051}{subsection.6.18.2}% 159
\BOOKMARK [3][-]{subsubsection.6.18.2.2}{\376\377\0006\000.\0001\0008\000.\0002\000.\0002\000\040\000g\000e\000t\000O\000n\000l\000i\000n\000e\000S\000t\000a\000t\000u\000s\000\050\000\051}{subsection.6.18.2}% 160
\BOOKMARK [3][-]{subsubsection.6.18.2.3}{\376\377\0006\000.\0001\0008\000.\0002\000.\0003\000\040\000s\000e\000t\000N\000a\000m\000e\000\050\000\051}{subsection.6.18.2}% 161
\BOOKMARK [3][-]{subsubsection.6.18.2.4}{\376\377\0006\000.\0001\0008\000.\0002\000.\0004\000\040\000s\000e\000t\000O\000n\000l\000i\000n\000e\000S\000t\000a\000t\000u\000s\000\050\000\051}{subsection.6.18.2}% 162
\BOOKMARK [3][-]{subsubsection.6.18.2.5}{\376\377\0006\000.\0001\0008\000.\0002\000.\0005\000\040\000s\000u\000b\000s\000c\000r\000i\000b\000e\000T\000o\000R\000o\000o\000m\000\050\000\051}{subsection.6.18.2}% 163
\BOOKMARK [3][-]{subsubsection.6.18.2.6}{\376\377\0006\000.\0001\0008\000.\0002\000.\0006\000\040\000u\000n\000s\000u\000b\000s\000c\000r\000i\000b\000e\000F\000r\000o\000m\000R\000o\000o\000m\000\050\000\051}{subsection.6.18.2}% 164
\BOOKMARK [2][-]{subsection.6.18.3}{\376\377\0006\000.\0001\0008\000.\0003\000\040\000M\000e\000m\000b\000e\000r\000\040\000D\000a\000t\000a\000\040\000D\000o\000c\000u\000m\000e\000n\000t\000a\000t\000i\000o\000n}{section.6.18}% 165
\BOOKMARK [3][-]{subsubsection.6.18.3.1}{\376\377\0006\000.\0001\0008\000.\0003\000.\0001\000\040\000n\000a\000m\000e}{subsection.6.18.3}% 166
\BOOKMARK [3][-]{subsubsection.6.18.3.2}{\376\377\0006\000.\0001\0008\000.\0003\000.\0002\000\040\000o\000n\000l\000i\000n\000e}{subsection.6.18.3}% 167
\BOOKMARK [3][-]{subsubsection.6.18.3.3}{\376\377\0006\000.\0001\0008\000.\0003\000.\0003\000\040\000r\000o\000o\000m\000s}{subsection.6.18.3}% 168
\BOOKMARK [3][-]{subsubsection.6.18.3.4}{\376\377\0006\000.\0001\0008\000.\0003\000.\0004\000\040\000s\000t\000a\000t\000u\000s}{subsection.6.18.3}% 169
\BOOKMARK [3][-]{subsubsection.6.18.3.5}{\376\377\0006\000.\0001\0008\000.\0003\000.\0005\000\040\000u\000s\000e\000r\000I\000D}{subsection.6.18.3}% 170
\BOOKMARK [1][-]{section.6.19}{\376\377\0006\000.\0001\0009\000\040\000V\000i\000d\000e\000o\000\040\000C\000l\000a\000s\000s\000\040\000R\000e\000f\000e\000r\000e\000n\000c\000e}{chapter.6}% 171
\BOOKMARK [2][-]{subsection.6.19.1}{\376\377\0006\000.\0001\0009\000.\0001\000\040\000C\000o\000n\000s\000t\000r\000u\000c\000t\000o\000r\000\040\000\046\000\040\000D\000e\000s\000t\000r\000u\000c\000t\000o\000r\000\040\000D\000o\000c\000u\000m\000e\000n\000t\000a\000t\000i\000o\000n}{section.6.19}% 172
\BOOKMARK [3][-]{subsubsection.6.19.1.1}{\376\377\0006\000.\0001\0009\000.\0001\000.\0001\000\040\000V\000i\000d\000e\000o\000\050\000\051}{subsection.6.19.1}% 173
\BOOKMARK [2][-]{subsection.6.19.2}{\376\377\0006\000.\0001\0009\000.\0002\000\040\000M\000e\000m\000b\000e\000r\000\040\000F\000u\000n\000c\000t\000i\000o\000n\000\040\000D\000o\000c\000u\000m\000e\000n\000t\000a\000t\000i\000o\000n}{section.6.19}% 174
\BOOKMARK [3][-]{subsubsection.6.19.2.1}{\376\377\0006\000.\0001\0009\000.\0002\000.\0001\000\040\000l\000o\000a\000d\000\050\000\051}{subsection.6.19.2}% 175
\BOOKMARK [3][-]{subsubsection.6.19.2.2}{\376\377\0006\000.\0001\0009\000.\0002\000.\0002\000\040\000p\000l\000a\000y\000\050\000\051}{subsection.6.19.2}% 176
\BOOKMARK [3][-]{subsubsection.6.19.2.3}{\376\377\0006\000.\0001\0009\000.\0002\000.\0003\000\040\000s\000t\000o\000p\000\050\000\051}{subsection.6.19.2}% 177
\BOOKMARK [0][-]{chapter.7}{\376\377\0007\000\040\000F\000i\000l\000e\000\040\000D\000o\000c\000u\000m\000e\000n\000t\000a\000t\000i\000o\000n}{}% 178
\BOOKMARK [1][-]{section.7.1}{\376\377\0007\000.\0001\000\040\000a\000p\000p\000c\000o\000n\000f\000i\000g\000/\000c\000r\000e\000d\000e\000n\000t\000i\000a\000l\000s\000.\000t\000x\000t\000\040\000F\000i\000l\000e\000\040\000R\000e\000f\000e\000r\000e\000n\000c\000e}{chapter.7}% 179
\BOOKMARK [1][-]{section.7.2}{\376\377\0007\000.\0002\000\040\000a\000p\000p\000c\000o\000n\000f\000i\000g\000/\000r\000o\000o\000m\000A\000d\000m\000i\000n\000C\000o\000n\000f\000i\000g\000.\000t\000x\000t\000\040\000F\000i\000l\000e\000\040\000R\000e\000f\000e\000r\000e\000n\000c\000e}{chapter.7}% 180
\BOOKMARK [1][-]{section.7.3}{\376\377\0007\000.\0003\000\040\000a\000p\000p\000c\000o\000n\000f\000i\000g\000/\000r\000o\000o\000m\000C\000o\000n\000f\000i\000g\000.\000t\000x\000t\000\040\000F\000i\000l\000e\000\040\000R\000e\000f\000e\000r\000e\000n\000c\000e}{chapter.7}% 181
\BOOKMARK [1][-]{section.7.4}{\376\377\0007\000.\0004\000\040\000a\000p\000p\000c\000o\000n\000f\000i\000g\000/\000u\000s\000e\000r\000C\000o\000n\000f\000i\000g\000.\000t\000x\000t\000\040\000F\000i\000l\000e\000\040\000R\000e\000f\000e\000r\000e\000n\000c\000e}{chapter.7}% 182
\BOOKMARK [1][-]{section.7.5}{\376\377\0007\000.\0005\000\040\000h\000e\000a\000d\000e\000r\000s\000/\000a\000d\000m\000i\000n\000.\000h\000\040\000F\000i\000l\000e\000\040\000R\000e\000f\000e\000r\000e\000n\000c\000e}{chapter.7}% 183
\BOOKMARK [1][-]{section.7.6}{\376\377\0007\000.\0006\000\040\000h\000e\000a\000d\000e\000r\000s\000/\000c\000h\000a\000n\000n\000e\000l\000.\000h\000\040\000F\000i\000l\000e\000\040\000R\000e\000f\000e\000r\000e\000n\000c\000e}{chapter.7}% 184
\BOOKMARK [1][-]{section.7.7}{\376\377\0007\000.\0007\000\040\000h\000e\000a\000d\000e\000r\000s\000/\000c\000o\000n\000s\000t\000s\000.\000h\000\040\000F\000i\000l\000e\000\040\000R\000e\000f\000e\000r\000e\000n\000c\000e}{chapter.7}% 185
\BOOKMARK [1][-]{section.7.8}{\376\377\0007\000.\0008\000\040\000h\000e\000a\000d\000e\000r\000s\000/\000i\000m\000a\000g\000e\000.\000h\000\040\000F\000i\000l\000e\000\040\000R\000e\000f\000e\000r\000e\000n\000c\000e}{chapter.7}% 186
\BOOKMARK [1][-]{section.7.9}{\376\377\0007\000.\0009\000\040\000h\000e\000a\000d\000e\000r\000s\000/\000m\000a\000i\000n\000w\000i\000n\000d\000o\000w\000.\000h\000\040\000F\000i\000l\000e\000\040\000R\000e\000f\000e\000r\000e\000n\000c\000e}{chapter.7}% 187
\BOOKMARK [1][-]{section.7.10}{\376\377\0007\000.\0001\0000\000\040\000h\000e\000a\000d\000e\000r\000s\000/\000m\000e\000d\000i\000a\000.\000h\000\040\000F\000i\000l\000e\000\040\000R\000e\000f\000e\000r\000e\000n\000c\000e}{chapter.7}% 188
\BOOKMARK [1][-]{section.7.11}{\376\377\0007\000.\0001\0001\000\040\000h\000e\000a\000d\000e\000r\000s\000/\000m\000e\000s\000s\000a\000g\000e\000.\000h\000\040\000F\000i\000l\000e\000\040\000R\000e\000f\000e\000r\000e\000n\000c\000e}{chapter.7}% 189
\BOOKMARK [1][-]{section.7.12}{\376\377\0007\000.\0001\0002\000\040\000h\000e\000a\000d\000e\000r\000s\000/\000m\000o\000d\000e\000r\000a\000t\000o\000r\000.\000h\000\040\000F\000i\000l\000e\000\040\000R\000e\000f\000e\000r\000e\000n\000c\000e}{chapter.7}% 190
\BOOKMARK [1][-]{section.7.13}{\376\377\0007\000.\0001\0003\000\040\000h\000e\000a\000d\000e\000r\000s\000/\000r\000o\000o\000m\000.\000h\000\040\000F\000i\000l\000e\000\040\000R\000e\000f\000e\000r\000e\000n\000c\000e}{chapter.7}% 191
\BOOKMARK [1][-]{section.7.14}{\376\377\0007\000.\0001\0004\000\040\000h\000e\000a\000d\000e\000r\000s\000/\000u\000n\000i\000t\000T\000e\000s\000t\000s\000.\000h\000\040\000F\000i\000l\000e\000\040\000R\000e\000f\000e\000r\000e\000n\000c\000e}{chapter.7}% 192
\BOOKMARK [1][-]{section.7.15}{\376\377\0007\000.\0001\0005\000\040\000h\000e\000a\000d\000e\000r\000s\000/\000u\000s\000e\000r\000.\000h\000\040\000F\000i\000l\000e\000\040\000R\000e\000f\000e\000r\000e\000n\000c\000e}{chapter.7}% 193
\BOOKMARK [1][-]{section.7.16}{\376\377\0007\000.\0001\0006\000\040\000h\000e\000a\000d\000e\000r\000s\000/\000v\000i\000d\000e\000o\000.\000h\000\040\000F\000i\000l\000e\000\040\000R\000e\000f\000e\000r\000e\000n\000c\000e}{chapter.7}% 194
\BOOKMARK [1][-]{section.7.17}{\376\377\0007\000.\0001\0007\000\040\000s\000r\000c\000/\000a\000d\000m\000i\000n\000.\000c\000p\000p\000\040\000F\000i\000l\000e\000\040\000R\000e\000f\000e\000r\000e\000n\000c\000e}{chapter.7}% 195
\BOOKMARK [1][-]{section.7.18}{\376\377\0007\000.\0001\0008\000\040\000s\000r\000c\000/\000c\000h\000a\000n\000n\000e\000l\000.\000c\000p\000p\000\040\000F\000i\000l\000e\000\040\000R\000e\000f\000e\000r\000e\000n\000c\000e}{chapter.7}% 196
\BOOKMARK [1][-]{section.7.19}{\376\377\0007\000.\0001\0009\000\040\000s\000r\000c\000/\000i\000m\000a\000g\000e\000.\000c\000p\000p\000\040\000F\000i\000l\000e\000\040\000R\000e\000f\000e\000r\000e\000n\000c\000e}{chapter.7}% 197
\BOOKMARK [1][-]{section.7.20}{\376\377\0007\000.\0002\0000\000\040\000s\000r\000c\000/\000m\000a\000i\000n\000.\000c\000p\000p\000\040\000F\000i\000l\000e\000\040\000R\000e\000f\000e\000r\000e\000n\000c\000e}{chapter.7}% 198
\BOOKMARK [2][-]{subsection.7.20.1}{\376\377\0007\000.\0002\0000\000.\0001\000\040\000M\000a\000c\000r\000o\000\040\000D\000e\000f\000i\000n\000i\000t\000i\000o\000n\000\040\000D\000o\000c\000u\000m\000e\000n\000t\000a\000t\000i\000o\000n}{section.7.20}% 199
\BOOKMARK [3][-]{subsubsection.7.20.1.1}{\376\377\0007\000.\0002\0000\000.\0001\000.\0001\000\040\000R\000U\000N\000\137\000T\000E\000S\000T\000S}{subsection.7.20.1}% 200
\BOOKMARK [2][-]{subsection.7.20.2}{\376\377\0007\000.\0002\0000\000.\0002\000\040\000F\000u\000n\000c\000t\000i\000o\000n\000\040\000D\000o\000c\000u\000m\000e\000n\000t\000a\000t\000i\000o\000n}{section.7.20}% 201
\BOOKMARK [3][-]{subsubsection.7.20.2.1}{\376\377\0007\000.\0002\0000\000.\0002\000.\0001\000\040\000m\000a\000i\000n\000\050\000\051}{subsection.7.20.2}% 202
\BOOKMARK [1][-]{section.7.21}{\376\377\0007\000.\0002\0001\000\040\000s\000r\000c\000/\000m\000a\000i\000n\000w\000i\000n\000d\000o\000w\000.\000c\000p\000p\000\040\000F\000i\000l\000e\000\040\000R\000e\000f\000e\000r\000e\000n\000c\000e}{chapter.7}% 203
\BOOKMARK [1][-]{section.7.22}{\376\377\0007\000.\0002\0002\000\040\000s\000r\000c\000/\000m\000e\000d\000i\000a\000.\000c\000p\000p\000\040\000F\000i\000l\000e\000\040\000R\000e\000f\000e\000r\000e\000n\000c\000e}{chapter.7}% 204
\BOOKMARK [1][-]{section.7.23}{\376\377\0007\000.\0002\0003\000\040\000s\000r\000c\000/\000m\000e\000s\000s\000a\000g\000e\000.\000c\000p\000p\000\040\000F\000i\000l\000e\000\040\000R\000e\000f\000e\000r\000e\000n\000c\000e}{chapter.7}% 205
\BOOKMARK [2][-]{subsection.7.23.1}{\376\377\0007\000.\0002\0003\000.\0001\000\040\000V\000a\000r\000i\000a\000b\000l\000e\000\040\000D\000o\000c\000u\000m\000e\000n\000t\000a\000t\000i\000o\000n}{section.7.23}% 206
\BOOKMARK [3][-]{subsubsection.7.23.1.1}{\376\377\0007\000.\0002\0003\000.\0001\000.\0001\000\040\000m\000e\000s\000s\000a\000g\000e\000C\000o\000n\000t\000e\000n\000t}{subsection.7.23.1}% 207
\BOOKMARK [1][-]{section.7.24}{\376\377\0007\000.\0002\0004\000\040\000s\000r\000c\000/\000m\000o\000d\000e\000r\000a\000t\000o\000r\000.\000c\000p\000p\000\040\000F\000i\000l\000e\000\040\000R\000e\000f\000e\000r\000e\000n\000c\000e}{chapter.7}% 208
\BOOKMARK [1][-]{section.7.25}{\376\377\0007\000.\0002\0005\000\040\000s\000r\000c\000/\000r\000o\000o\000m\000.\000c\000p\000p\000\040\000F\000i\000l\000e\000\040\000R\000e\000f\000e\000r\000e\000n\000c\000e}{chapter.7}% 209
\BOOKMARK [1][-]{section.7.26}{\376\377\0007\000.\0002\0006\000\040\000s\000r\000c\000/\000u\000n\000i\000t\000T\000e\000s\000t\000s\000.\000c\000p\000p\000\040\000F\000i\000l\000e\000\040\000R\000e\000f\000e\000r\000e\000n\000c\000e}{chapter.7}% 210
\BOOKMARK [1][-]{section.7.27}{\376\377\0007\000.\0002\0007\000\040\000t\000e\000s\000t\000s\000/\000u\000n\000i\000t\000T\000e\000s\000t\000s\000.\000c\000p\000p\000\040\000F\000i\000l\000e\000\040\000R\000e\000f\000e\000r\000e\000n\000c\000e}{chapter.7}% 211
\BOOKMARK [1][-]{section.7.28}{\376\377\0007\000.\0002\0008\000\040\000s\000r\000c\000/\000u\000s\000e\000r\000.\000c\000p\000p\000\040\000F\000i\000l\000e\000\040\000R\000e\000f\000e\000r\000e\000n\000c\000e}{chapter.7}% 212
\BOOKMARK [1][-]{section.7.29}{\376\377\0007\000.\0002\0009\000\040\000s\000r\000c\000/\000v\000i\000d\000e\000o\000.\000c\000p\000p\000\040\000F\000i\000l\000e\000\040\000R\000e\000f\000e\000r\000e\000n\000c\000e}{chapter.7}% 213
\BOOKMARK [0][-]{section*.115}{\376\377\000I\000n\000d\000e\000x}{}% 214
